Mensaje I / 00:00:00:000 / Root(00) para top(01)
Mensaje I / 00:00:00:000 / top(01) para checkstock(02)
Mensaje D / 00:00:00:000 / checkstock(02) / ... para top(01)
Mensaje D / 00:00:00:000 / top(01) / ... para Root(00)
Mensaje X / 00:00:05:000 / Root(00) / in /     15.00000 para top(01)
Mensaje X / 00:00:05:000 / top(01) / in /     15.00000 para checkstock(02)
Mensaje D / 00:00:05:000 / checkstock(02) / 00:00:03:963 para top(01)
Mensaje D / 00:00:05:000 / top(01) / 00:00:03:963 para Root(00)
Mensaje * / 00:00:08:963 / Root(00) para top(01)
Mensaje * / 00:00:08:963 / top(01) para checkstock(02)
Mensaje Y / 00:00:08:963 / checkstock(02) / out /     15.00000 para top(01)
Mensaje Y / 00:00:08:963 / checkstock(02) / done /     15.00000 para top(01)
Mensaje D / 00:00:08:963 / checkstock(02) / ... para top(01)
Mensaje Y / 00:00:08:963 / top(01) / out /     15.00000 para Root(00)
Mensaje Y / 00:00:08:963 / top(01) / done /     15.00000 para Root(00)
Mensaje D / 00:00:08:963 / top(01) / ... para Root(00)
Mensaje X / 00:01:13:000 / Root(00) / in /      2.00000 para top(01)
Mensaje X / 00:01:13:000 / top(01) / in /      2.00000 para checkstock(02)
Mensaje D / 00:01:13:000 / checkstock(02) / 00:00:00:388 para top(01)
Mensaje D / 00:01:13:000 / top(01) / 00:00:00:388 para Root(00)
Mensaje * / 00:01:13:388 / Root(00) para top(01)
Mensaje * / 00:01:13:388 / top(01) para checkstock(02)
Mensaje Y / 00:01:13:388 / checkstock(02) / out /      2.00000 para top(01)
Mensaje Y / 00:01:13:388 / checkstock(02) / done /      2.00000 para top(01)
Mensaje D / 00:01:13:388 / checkstock(02) / ... para top(01)
Mensaje Y / 00:01:13:388 / top(01) / out /      2.00000 para Root(00)
Mensaje Y / 00:01:13:388 / top(01) / done /      2.00000 para Root(00)
Mensaje D / 00:01:13:388 / top(01) / ... para Root(00)
