Mensaje I / 00:00:00:000 / Root(00) para top(01)
Mensaje I / 00:00:00:000 / top(01) para delivery(02)
Mensaje D / 00:00:00:000 / delivery(02) / ... para top(01)
Mensaje D / 00:00:00:000 / top(01) / ... para Root(00)
Mensaje X / 00:00:30:000 / Root(00) / in /     25.00000 para top(01)
Mensaje X / 00:00:30:000 / top(01) / in /     25.00000 para delivery(02)
Mensaje D / 00:00:30:000 / delivery(02) / 00:00:10:000 para top(01)
Mensaje D / 00:00:30:000 / top(01) / 00:00:10:000 para Root(00)
Mensaje * / 00:00:40:000 / Root(00) para top(01)
Mensaje * / 00:00:40:000 / top(01) para delivery(02)
Mensaje Y / 00:00:40:000 / delivery(02) / closeorder /     25.00000 para top(01)
Mensaje D / 00:00:40:000 / delivery(02) / ... para top(01)
Mensaje Y / 00:00:40:000 / top(01) / closeorder /     25.00000 para Root(00)
Mensaje D / 00:00:40:000 / top(01) / ... para Root(00)
Mensaje X / 00:01:00:000 / Root(00) / in /     75.00000 para top(01)
Mensaje X / 00:01:00:000 / top(01) / in /     75.00000 para delivery(02)
Mensaje D / 00:01:00:000 / delivery(02) / 00:00:10:000 para top(01)
Mensaje D / 00:01:00:000 / top(01) / 00:00:10:000 para Root(00)
Mensaje * / 00:01:10:000 / Root(00) para top(01)
Mensaje * / 00:01:10:000 / top(01) para delivery(02)
Mensaje Y / 00:01:10:000 / delivery(02) / closeorder /     75.00000 para top(01)
Mensaje D / 00:01:10:000 / delivery(02) / ... para top(01)
Mensaje Y / 00:01:10:000 / top(01) / closeorder /     75.00000 para Root(00)
Mensaje D / 00:01:10:000 / top(01) / ... para Root(00)
