Mensaje I / 00:00:00:000 / Root(00) para top(01)
Mensaje I / 00:00:00:000 / top(01) para requesthandler(02)
Mensaje I / 00:00:00:000 / top(01) para checkstock(03)
Mensaje D / 00:00:00:000 / requesthandler(02) / ... para top(01)
Mensaje D / 00:00:00:000 / checkstock(03) / ... para top(01)
Mensaje D / 00:00:00:000 / top(01) / ... para Root(00)
Mensaje X / 00:00:05:000 / Root(00) / reqin /      1.00000 para top(01)
Mensaje X / 00:00:05:000 / top(01) / reqin /      1.00000 para requesthandler(02)
Mensaje D / 00:00:05:000 / requesthandler(02) / 00:00:10:000 para top(01)
Mensaje D / 00:00:05:000 / top(01) / 00:00:10:000 para Root(00)
Mensaje * / 00:00:15:000 / Root(00) para top(01)
Mensaje * / 00:00:15:000 / top(01) para requesthandler(02)
Mensaje Y / 00:00:15:000 / requesthandler(02) / out /      1.00000 para top(01)
Mensaje D / 00:00:15:000 / requesthandler(02) / ... para top(01)
Mensaje X / 00:00:15:000 / top(01) / in /      1.00000 para checkstock(03)
Mensaje D / 00:00:15:000 / checkstock(03) / 00:00:03:963 para top(01)
Mensaje D / 00:00:15:000 / top(01) / 00:00:03:963 para Root(00)
Mensaje * / 00:00:18:963 / Root(00) para top(01)
Mensaje * / 00:00:18:963 / top(01) para checkstock(03)
Mensaje Y / 00:00:18:963 / checkstock(03) / out /      1.00000 para top(01)
Mensaje Y / 00:00:18:963 / checkstock(03) / done /      1.00000 para top(01)
Mensaje D / 00:00:18:963 / checkstock(03) / ... para top(01)
Mensaje Y / 00:00:18:963 / top(01) / out /      1.00000 para Root(00)
Mensaje X / 00:00:18:963 / top(01) / done /      1.00000 para requesthandler(02)
Mensaje D / 00:00:18:963 / requesthandler(02) / ... para top(01)
Mensaje D / 00:00:18:963 / top(01) / ... para Root(00)
Mensaje X / 00:01:13:000 / Root(00) / reqin /      2.00000 para top(01)
Mensaje X / 00:01:13:000 / top(01) / reqin /      2.00000 para requesthandler(02)
Mensaje D / 00:01:13:000 / requesthandler(02) / 00:00:10:000 para top(01)
Mensaje D / 00:01:13:000 / top(01) / 00:00:10:000 para Root(00)
Mensaje * / 00:01:23:000 / Root(00) para top(01)
Mensaje * / 00:01:23:000 / top(01) para requesthandler(02)
Mensaje Y / 00:01:23:000 / requesthandler(02) / out /      2.00000 para top(01)
Mensaje D / 00:01:23:000 / requesthandler(02) / ... para top(01)
Mensaje X / 00:01:23:000 / top(01) / in /      2.00000 para checkstock(03)
Mensaje D / 00:01:23:000 / checkstock(03) / 00:00:00:388 para top(01)
Mensaje D / 00:01:23:000 / top(01) / 00:00:00:388 para Root(00)
Mensaje * / 00:01:23:388 / Root(00) para top(01)
Mensaje * / 00:01:23:388 / top(01) para checkstock(03)
Mensaje Y / 00:01:23:388 / checkstock(03) / out /      2.00000 para top(01)
Mensaje Y / 00:01:23:388 / checkstock(03) / done /      2.00000 para top(01)
Mensaje D / 00:01:23:388 / checkstock(03) / ... para top(01)
Mensaje Y / 00:01:23:388 / top(01) / out /      2.00000 para Root(00)
Mensaje X / 00:01:23:388 / top(01) / done /      2.00000 para requesthandler(02)
Mensaje D / 00:01:23:388 / requesthandler(02) / ... para top(01)
Mensaje D / 00:01:23:388 / top(01) / ... para Root(00)
Mensaje X / 00:02:30:000 / Root(00) / reqin /      3.00000 para top(01)
Mensaje X / 00:02:30:000 / top(01) / reqin /      3.00000 para requesthandler(02)
Mensaje D / 00:02:30:000 / requesthandler(02) / 00:00:10:000 para top(01)
Mensaje D / 00:02:30:000 / top(01) / 00:00:10:000 para Root(00)
Mensaje * / 00:02:40:000 / Root(00) para top(01)
Mensaje * / 00:02:40:000 / top(01) para requesthandler(02)
Mensaje Y / 00:02:40:000 / requesthandler(02) / out /      3.00000 para top(01)
Mensaje D / 00:02:40:000 / requesthandler(02) / ... para top(01)
Mensaje X / 00:02:40:000 / top(01) / in /      3.00000 para checkstock(03)
Mensaje D / 00:02:40:000 / checkstock(03) / 00:00:00:873 para top(01)
Mensaje D / 00:02:40:000 / top(01) / 00:00:00:873 para Root(00)
Mensaje * / 00:02:40:873 / Root(00) para top(01)
Mensaje * / 00:02:40:873 / top(01) para checkstock(03)
Mensaje Y / 00:02:40:873 / checkstock(03) / out /      3.00000 para top(01)
Mensaje Y / 00:02:40:873 / checkstock(03) / done /      3.00000 para top(01)
Mensaje D / 00:02:40:873 / checkstock(03) / ... para top(01)
Mensaje Y / 00:02:40:873 / top(01) / out /      3.00000 para Root(00)
Mensaje X / 00:02:40:873 / top(01) / done /      3.00000 para requesthandler(02)
Mensaje D / 00:02:40:873 / requesthandler(02) / ... para top(01)
Mensaje D / 00:02:40:873 / top(01) / ... para Root(00)
