Mensaje I / 00:00:00:000 / Root(00) para top(01)
Mensaje I / 00:00:00:000 / top(01) para delivery(02)
Mensaje I / 00:00:00:000 / top(01) para order(03)
Mensaje I / 00:00:00:000 / top(01) para vendor(06)
Mensaje D / 00:00:00:000 / delivery(02) / ... para top(01)
Mensaje I / 00:00:00:000 / order(03) para requesthandler(04)
Mensaje I / 00:00:00:000 / order(03) para checkstock(05)
Mensaje I / 00:00:00:000 / vendor(06) para packing(07)
Mensaje I / 00:00:00:000 / vendor(06) para shipping(08)
Mensaje D / 00:00:00:000 / requesthandler(04) / ... para order(03)
Mensaje D / 00:00:00:000 / checkstock(05) / ... para order(03)
Mensaje D / 00:00:00:000 / packing(07) / ... para vendor(06)
Mensaje D / 00:00:00:000 / shipping(08) / ... para vendor(06)
Mensaje D / 00:00:00:000 / order(03) / ... para top(01)
Mensaje D / 00:00:00:000 / vendor(06) / ... para top(01)
Mensaje D / 00:00:00:000 / top(01) / ... para Root(00)
Mensaje X / 00:00:20:000 / Root(00) / reqin /      1.00000 para top(01)
Mensaje X / 00:00:20:000 / top(01) / reqin /      1.00000 para order(03)
Mensaje X / 00:00:20:000 / order(03) / reqin /      1.00000 para requesthandler(04)
Mensaje D / 00:00:20:000 / requesthandler(04) / 00:00:10:000 para order(03)
Mensaje D / 00:00:20:000 / order(03) / 00:00:10:000 para top(01)
Mensaje D / 00:00:20:000 / top(01) / 00:00:10:000 para Root(00)
Mensaje * / 00:00:30:000 / Root(00) para top(01)
Mensaje * / 00:00:30:000 / top(01) para order(03)
Mensaje * / 00:00:30:000 / order(03) para requesthandler(04)
Mensaje Y / 00:00:30:000 / requesthandler(04) / out /      1.00000 para order(03)
Mensaje D / 00:00:30:000 / requesthandler(04) / ... para order(03)
Mensaje X / 00:00:30:000 / order(03) / in /      1.00000 para checkstock(05)
Mensaje D / 00:00:30:000 / checkstock(05) / 00:00:03:963 para order(03)
Mensaje D / 00:00:30:000 / order(03) / 00:00:03:963 para top(01)
Mensaje D / 00:00:30:000 / top(01) / 00:00:03:963 para Root(00)
Mensaje * / 00:00:33:963 / Root(00) para top(01)
Mensaje * / 00:00:33:963 / top(01) para order(03)
Mensaje * / 00:00:33:963 / order(03) para checkstock(05)
Mensaje Y / 00:00:33:963 / checkstock(05) / out /      1.00000 para order(03)
Mensaje Y / 00:00:33:963 / checkstock(05) / done /      1.00000 para order(03)
Mensaje D / 00:00:33:963 / checkstock(05) / ... para order(03)
Mensaje Y / 00:00:33:963 / order(03) / out /      1.00000 para top(01)
Mensaje X / 00:00:33:963 / order(03) / done /      1.00000 para requesthandler(04)
Mensaje X / 00:00:33:963 / top(01) / in /      1.00000 para vendor(06)
Mensaje D / 00:00:33:963 / requesthandler(04) / ... para order(03)
Mensaje X / 00:00:33:963 / vendor(06) / in /      1.00000 para packing(07)
Mensaje D / 00:00:33:963 / order(03) / ... para top(01)
Mensaje D / 00:00:33:963 / packing(07) / 00:00:00:796 para vendor(06)
Mensaje D / 00:00:33:963 / vendor(06) / 00:00:00:796 para top(01)
Mensaje D / 00:00:33:963 / top(01) / 00:00:00:796 para Root(00)
Mensaje * / 00:00:34:759 / Root(00) para top(01)
Mensaje * / 00:00:34:759 / top(01) para vendor(06)
Mensaje * / 00:00:34:759 / vendor(06) para packing(07)
Mensaje Y / 00:00:34:759 / packing(07) / out /      1.00000 para vendor(06)
Mensaje D / 00:00:34:759 / packing(07) / ... para vendor(06)
Mensaje X / 00:00:34:759 / vendor(06) / in /      1.00000 para shipping(08)
Mensaje D / 00:00:34:759 / shipping(08) / 00:00:00:957 para vendor(06)
Mensaje D / 00:00:34:759 / vendor(06) / 00:00:00:957 para top(01)
Mensaje D / 00:00:34:759 / top(01) / 00:00:00:957 para Root(00)
Mensaje X / 00:00:35:000 / Root(00) / reqin /      2.00000 para top(01)
Mensaje X / 00:00:35:000 / top(01) / reqin /      2.00000 para order(03)
Mensaje X / 00:00:35:000 / order(03) / reqin /      2.00000 para requesthandler(04)
Mensaje D / 00:00:35:000 / requesthandler(04) / 00:00:10:000 para order(03)
Mensaje D / 00:00:35:000 / order(03) / 00:00:10:000 para top(01)
Mensaje D / 00:00:35:000 / top(01) / 00:00:00:716 para Root(00)
Mensaje * / 00:00:35:716 / Root(00) para top(01)
Mensaje * / 00:00:35:716 / top(01) para vendor(06)
Mensaje * / 00:00:35:716 / vendor(06) para shipping(08)
Mensaje Y / 00:00:35:716 / shipping(08) / out /      1.00000 para vendor(06)
Mensaje D / 00:00:35:716 / shipping(08) / ... para vendor(06)
Mensaje Y / 00:00:35:716 / vendor(06) / out /      1.00000 para top(01)
Mensaje D / 00:00:35:716 / vendor(06) / ... para top(01)
Mensaje X / 00:00:35:716 / top(01) / in /      1.00000 para delivery(02)
Mensaje D / 00:00:35:716 / delivery(02) / 00:00:10:000 para top(01)
Mensaje D / 00:00:35:716 / top(01) / 00:00:09:284 para Root(00)
Mensaje * / 00:00:45:000 / Root(00) para top(01)
Mensaje * / 00:00:45:000 / top(01) para order(03)
Mensaje * / 00:00:45:000 / order(03) para requesthandler(04)
Mensaje Y / 00:00:45:000 / requesthandler(04) / out /      2.00000 para order(03)
Mensaje D / 00:00:45:000 / requesthandler(04) / ... para order(03)
Mensaje X / 00:00:45:000 / order(03) / in /      2.00000 para checkstock(05)
Mensaje D / 00:00:45:000 / checkstock(05) / 00:00:04:106 para order(03)
Mensaje D / 00:00:45:000 / order(03) / 00:00:04:106 para top(01)
Mensaje D / 00:00:45:000 / top(01) / 00:00:00:716 para Root(00)
Mensaje * / 00:00:45:716 / Root(00) para top(01)
Mensaje * / 00:00:45:716 / top(01) para delivery(02)
Mensaje Y / 00:00:45:716 / delivery(02) / closeorder /      1.00000 para top(01)
Mensaje D / 00:00:45:716 / delivery(02) / ... para top(01)
Mensaje Y / 00:00:45:716 / top(01) / closeorder /      1.00000 para Root(00)
Mensaje D / 00:00:45:716 / top(01) / 00:00:03:390 para Root(00)
Mensaje * / 00:00:49:106 / Root(00) para top(01)
Mensaje * / 00:00:49:106 / top(01) para order(03)
Mensaje * / 00:00:49:106 / order(03) para checkstock(05)
Mensaje Y / 00:00:49:106 / checkstock(05) / out /      2.00000 para order(03)
Mensaje Y / 00:00:49:106 / checkstock(05) / done /      2.00000 para order(03)
Mensaje D / 00:00:49:106 / checkstock(05) / ... para order(03)
Mensaje Y / 00:00:49:106 / order(03) / out /      2.00000 para top(01)
Mensaje X / 00:00:49:106 / order(03) / done /      2.00000 para requesthandler(04)
Mensaje X / 00:00:49:106 / top(01) / in /      2.00000 para vendor(06)
Mensaje D / 00:00:49:106 / requesthandler(04) / ... para order(03)
Mensaje X / 00:00:49:106 / vendor(06) / in /      2.00000 para packing(07)
Mensaje D / 00:00:49:106 / order(03) / ... para top(01)
Mensaje D / 00:00:49:106 / packing(07) / 00:00:01:182 para vendor(06)
Mensaje D / 00:00:49:106 / vendor(06) / 00:00:01:182 para top(01)
Mensaje D / 00:00:49:106 / top(01) / 00:00:01:182 para Root(00)
Mensaje * / 00:00:50:288 / Root(00) para top(01)
Mensaje * / 00:00:50:288 / top(01) para vendor(06)
Mensaje * / 00:00:50:288 / vendor(06) para packing(07)
Mensaje Y / 00:00:50:288 / packing(07) / out /      2.00000 para vendor(06)
Mensaje D / 00:00:50:288 / packing(07) / ... para vendor(06)
Mensaje X / 00:00:50:288 / vendor(06) / in /      2.00000 para shipping(08)
Mensaje D / 00:00:50:288 / shipping(08) / 00:00:02:160 para vendor(06)
Mensaje D / 00:00:50:288 / vendor(06) / 00:00:02:160 para top(01)
Mensaje D / 00:00:50:288 / top(01) / 00:00:02:160 para Root(00)
Mensaje * / 00:00:52:448 / Root(00) para top(01)
Mensaje * / 00:00:52:448 / top(01) para vendor(06)
Mensaje * / 00:00:52:448 / vendor(06) para shipping(08)
Mensaje Y / 00:00:52:448 / shipping(08) / out /      2.00000 para vendor(06)
Mensaje D / 00:00:52:448 / shipping(08) / ... para vendor(06)
Mensaje Y / 00:00:52:448 / vendor(06) / out /      2.00000 para top(01)
Mensaje D / 00:00:52:448 / vendor(06) / ... para top(01)
Mensaje X / 00:00:52:448 / top(01) / in /      2.00000 para delivery(02)
Mensaje D / 00:00:52:448 / delivery(02) / 00:00:10:000 para top(01)
Mensaje D / 00:00:52:448 / top(01) / 00:00:10:000 para Root(00)
Mensaje * / 00:01:02:448 / Root(00) para top(01)
Mensaje * / 00:01:02:448 / top(01) para delivery(02)
Mensaje Y / 00:01:02:448 / delivery(02) / closeorder /      2.00000 para top(01)
Mensaje D / 00:01:02:448 / delivery(02) / ... para top(01)
Mensaje Y / 00:01:02:448 / top(01) / closeorder /      2.00000 para Root(00)
Mensaje D / 00:01:02:448 / top(01) / ... para Root(00)
Mensaje X / 00:01:10:000 / Root(00) / reqin /      3.00000 para top(01)
Mensaje X / 00:01:10:000 / top(01) / reqin /      3.00000 para order(03)
Mensaje X / 00:01:10:000 / order(03) / reqin /      3.00000 para requesthandler(04)
Mensaje D / 00:01:10:000 / requesthandler(04) / 00:00:10:000 para order(03)
Mensaje D / 00:01:10:000 / order(03) / 00:00:10:000 para top(01)
Mensaje D / 00:01:10:000 / top(01) / 00:00:10:000 para Root(00)
Mensaje * / 00:01:20:000 / Root(00) para top(01)
Mensaje * / 00:01:20:000 / top(01) para order(03)
Mensaje * / 00:01:20:000 / order(03) para requesthandler(04)
Mensaje Y / 00:01:20:000 / requesthandler(04) / out /      3.00000 para order(03)
Mensaje D / 00:01:20:000 / requesthandler(04) / ... para order(03)
Mensaje X / 00:01:20:000 / order(03) / in /      3.00000 para checkstock(05)
Mensaje D / 00:01:20:000 / checkstock(05) / 00:00:06:549 para order(03)
Mensaje D / 00:01:20:000 / order(03) / 00:00:06:549 para top(01)
Mensaje D / 00:01:20:000 / top(01) / 00:00:06:549 para Root(00)
Mensaje * / 00:01:26:549 / Root(00) para top(01)
Mensaje * / 00:01:26:549 / top(01) para order(03)
Mensaje * / 00:01:26:549 / order(03) para checkstock(05)
Mensaje Y / 00:01:26:549 / checkstock(05) / out /      3.00000 para order(03)
Mensaje Y / 00:01:26:549 / checkstock(05) / done /      3.00000 para order(03)
Mensaje D / 00:01:26:549 / checkstock(05) / ... para order(03)
Mensaje Y / 00:01:26:549 / order(03) / out /      3.00000 para top(01)
Mensaje X / 00:01:26:549 / order(03) / done /      3.00000 para requesthandler(04)
Mensaje X / 00:01:26:549 / top(01) / in /      3.00000 para vendor(06)
Mensaje D / 00:01:26:549 / requesthandler(04) / ... para order(03)
Mensaje X / 00:01:26:549 / vendor(06) / in /      3.00000 para packing(07)
Mensaje D / 00:01:26:549 / order(03) / ... para top(01)
Mensaje D / 00:01:26:549 / packing(07) / 00:00:02:655 para vendor(06)
Mensaje D / 00:01:26:549 / vendor(06) / 00:00:02:655 para top(01)
Mensaje D / 00:01:26:549 / top(01) / 00:00:02:655 para Root(00)
Mensaje * / 00:01:29:204 / Root(00) para top(01)
Mensaje * / 00:01:29:204 / top(01) para vendor(06)
Mensaje * / 00:01:29:204 / vendor(06) para packing(07)
Mensaje Y / 00:01:29:204 / packing(07) / out /      3.00000 para vendor(06)
Mensaje D / 00:01:29:204 / packing(07) / ... para vendor(06)
Mensaje X / 00:01:29:204 / vendor(06) / in /      3.00000 para shipping(08)
Mensaje D / 00:01:29:204 / shipping(08) / 00:00:02:446 para vendor(06)
Mensaje D / 00:01:29:204 / vendor(06) / 00:00:02:446 para top(01)
Mensaje D / 00:01:29:204 / top(01) / 00:00:02:446 para Root(00)
Mensaje * / 00:01:31:650 / Root(00) para top(01)
Mensaje * / 00:01:31:650 / top(01) para vendor(06)
Mensaje * / 00:01:31:650 / vendor(06) para shipping(08)
Mensaje Y / 00:01:31:650 / shipping(08) / out /      3.00000 para vendor(06)
Mensaje D / 00:01:31:650 / shipping(08) / ... para vendor(06)
Mensaje Y / 00:01:31:650 / vendor(06) / out /      3.00000 para top(01)
Mensaje D / 00:01:31:650 / vendor(06) / ... para top(01)
Mensaje X / 00:01:31:650 / top(01) / in /      3.00000 para delivery(02)
Mensaje D / 00:01:31:650 / delivery(02) / 00:00:10:000 para top(01)
Mensaje D / 00:01:31:650 / top(01) / 00:00:10:000 para Root(00)
Mensaje * / 00:01:41:650 / Root(00) para top(01)
Mensaje * / 00:01:41:650 / top(01) para delivery(02)
Mensaje Y / 00:01:41:650 / delivery(02) / closeorder /      3.00000 para top(01)
Mensaje D / 00:01:41:650 / delivery(02) / ... para top(01)
Mensaje Y / 00:01:41:650 / top(01) / closeorder /      3.00000 para Root(00)
Mensaje D / 00:01:41:650 / top(01) / ... para Root(00)
