Mensaje I / 00:00:00:000 / Root(00) para top(01)
Mensaje I / 00:00:00:000 / top(01) para packing(02)
Mensaje D / 00:00:00:000 / packing(02) / ... para top(01)
Mensaje D / 00:00:00:000 / top(01) / ... para Root(00)
Mensaje X / 00:00:10:000 / Root(00) / in /      1.00000 para top(01)
Mensaje X / 00:00:10:000 / top(01) / in /      1.00000 para packing(02)
Mensaje D / 00:00:10:000 / packing(02) / 00:00:01:987 para top(01)
Mensaje D / 00:00:10:000 / top(01) / 00:00:01:987 para Root(00)
Mensaje * / 00:00:11:987 / Root(00) para top(01)
Mensaje * / 00:00:11:987 / top(01) para packing(02)
Mensaje Y / 00:00:11:987 / packing(02) / out /      1.00000 para top(01)
Mensaje D / 00:00:11:987 / packing(02) / ... para top(01)
Mensaje Y / 00:00:11:987 / top(01) / out /      1.00000 para Root(00)
Mensaje D / 00:00:11:987 / top(01) / ... para Root(00)
Mensaje X / 00:00:30:000 / Root(00) / in /      3.00000 para top(01)
Mensaje X / 00:00:30:000 / top(01) / in /      3.00000 para packing(02)
Mensaje D / 00:00:30:000 / packing(02) / 00:00:00:796 para top(01)
Mensaje D / 00:00:30:000 / top(01) / 00:00:00:796 para Root(00)
Mensaje * / 00:00:30:796 / Root(00) para top(01)
Mensaje * / 00:00:30:796 / top(01) para packing(02)
Mensaje Y / 00:00:30:796 / packing(02) / out /      3.00000 para top(01)
Mensaje D / 00:00:30:796 / packing(02) / ... para top(01)
Mensaje Y / 00:00:30:796 / top(01) / out /      3.00000 para Root(00)
Mensaje D / 00:00:30:796 / top(01) / ... para Root(00)
Mensaje X / 00:00:50:000 / Root(00) / in /     25.00000 para top(01)
Mensaje X / 00:00:50:000 / top(01) / in /     25.00000 para packing(02)
Mensaje D / 00:00:50:000 / packing(02) / 00:00:00:957 para top(01)
Mensaje D / 00:00:50:000 / top(01) / 00:00:00:957 para Root(00)
Mensaje * / 00:00:50:957 / Root(00) para top(01)
Mensaje * / 00:00:50:957 / top(01) para packing(02)
Mensaje Y / 00:00:50:957 / packing(02) / out /     25.00000 para top(01)
Mensaje D / 00:00:50:957 / packing(02) / ... para top(01)
Mensaje Y / 00:00:50:957 / top(01) / out /     25.00000 para Root(00)
Mensaje D / 00:00:50:957 / top(01) / ... para Root(00)
